<?xml version="1.0" encoding="UTF-8"?>
<!-- Generated by org.testng.reporters.JUnitReportReporter -->
<testsuite hostname="Rohits-MacBook-Pro.local" failures="0" tests="7" name="jupitorToys.tests.HomePageTest" time="149.282" errors="0" timestamp="2023-01-25T10:52:50 ACDT" skipped="0">
  <testcase classname="jupitorToys.tests.HomePageTest" name="validateSuccessfulSubmission" time="14.297"/>
  <system-out/>
  <testcase classname="jupitorToys.tests.HomePageTest" name="verifyTotalAmount" time="32.887"/>
  <system-out/>
  <testcase classname="jupitorToys.tests.HomePageTest" name="validateSuccessfulSubmission" time="24.951"/>
  <system-out/>
  <testcase classname="jupitorToys.tests.HomePageTest" name="validateSuccessfulSubmission" time="11.177"/>
  <system-out/>
  <testcase classname="jupitorToys.tests.HomePageTest" name="validateSuccessfulSubmission" time="11.647"/>
  <system-out/>
  <testcase classname="jupitorToys.tests.HomePageTest" name="validateErrorMessageOnContactPage" time="39.778"/>
  <system-out/>
  <testcase classname="jupitorToys.tests.HomePageTest" name="validateSuccessfulSubmission" time="14.545"/>
  <system-out/>
</testsuite> <!-- jupitorToys.tests.HomePageTest -->
