<?xml version="1.0" encoding="UTF-8"?>
<!-- Generated by org.testng.reporters.JUnitReportReporter -->
<testsuite hostname="Rohits-MacBook-Pro.local" failures="0" tests="7" name="jupitorToys.tests.InterviewTest" time="163.699" errors="0" timestamp="2023-01-25T10:59:35 ACDT" skipped="0">
  <testcase classname="jupitorToys.tests.InterviewTest" name="validateSuccessfulSubmission" time="24.874"/>
  <system-out/>
  <testcase classname="jupitorToys.tests.InterviewTest" name="validateSuccessfulSubmission" time="21.571"/>
  <system-out/>
  <testcase classname="jupitorToys.tests.InterviewTest" name="validateSuccessfulSubmission" time="22.127"/>
  <system-out/>
  <testcase classname="jupitorToys.tests.InterviewTest" name="verifyTotalAmount" time="31.237"/>
  <system-out/>
  <testcase classname="jupitorToys.tests.InterviewTest" name="validateSuccessfulSubmission" time="13.003"/>
  <system-out/>
  <testcase classname="jupitorToys.tests.InterviewTest" name="validateErrorMessageOnContactPage" time="39.194"/>
  <system-out/>
  <testcase classname="jupitorToys.tests.InterviewTest" name="validateSuccessfulSubmission" time="11.693"/>
  <system-out/>
</testsuite> <!-- jupitorToys.tests.InterviewTest -->
