<?xml version="1.0" encoding="UTF-8"?>
<!-- Generated by org.testng.reporters.JUnitReportReporter -->
<testsuite hostname="Rohits-MacBook-Pro.local" failures="0" tests="1" name="jupitorToys.tests.HomePageTest" time="33.192" errors="0" timestamp="2023-01-25T00:18:49 ACDT" skipped="0">
  <testcase classname="jupitorToys.tests.HomePageTest" name="verifyTotalAmount" time="33.192"/>
  <system-out/>
</testsuite> <!-- jupitorToys.tests.HomePageTest -->
